<?xml version="1.0" encoding="UTF-8"?>
<!-- Generated by org.testng.reporters.JUnitReportReporter -->
<testsuite hostname="AHMEDs-MacBook-Air.local" failures="0" tests="1" name="apiTests.PetStoreAPI_Tests" time="3.257" errors="0" timestamp="2022-02-20T18:21:43 EST" skipped="0">
  <testcase classname="apiTests.PetStoreAPI_Tests" name="getPetByID" time="3.257"/>
  <system-out/>
</testsuite> <!-- apiTests.PetStoreAPI_Tests -->
